#
# There is insufficient memory for the Java Runtime Environment to continue.
# Native memory allocation (malloc) failed to allocate 262160 bytes for Chunk::new
# Possible reasons:
#   The system is out of physical RAM or swap space
#   In 32 bit mode, the process size limit was hit
# Possible solutions:
#   Reduce memory load on the system
#   Increase physical memory or swap space
#   Check if swap backing store is full
#   Use 64 bit Java on a 64 bit OS
#   Decrease Java heap size (-Xmx/-Xms)
#   Decrease number of Java threads
#   Decrease Java thread stack sizes (-Xss)
#   Set larger code cache with -XX:ReservedCodeCacheSize=
# This output file may be truncated or incomplete.
#
#  Out of Memory Error (allocation.cpp:325), pid=26752, tid=26932
#
# JRE version: 7.0_03-b05
# Java VM: Java HotSpot(TM) 64-Bit Server VM (22.1-b02 mixed mode windows-amd64 compressed oops)
# Failed to write core dump. Minidumps are not enabled by default on client versions of Windows
#

---------------  T H R E A D  ---------------

Current thread (0x0000000005c63000):  JavaThread "C2 CompilerThread1" daemon [_thread_in_native, id=26932, stack(0x00000000069d0000,0x0000000006ad0000)]

Stack: [0x00000000069d0000,0x0000000006ad0000]
[error occurred during error reporting (printing stack bounds), id 0xc0000005]


[error occurred during error reporting (printing native stack), id 0xc0000005]


Current CompileTask:
C2:  23051  494             java.beans.Introspector::getTargetMethodInfo (255 bytes)


---------------  P R O C E S S  ---------------

Java Threads: ( => current thread )
  0x0000000009e5c800 JavaThread "File lock request listener" [_thread_in_native, id=17456, stack(0x000000000b450000,0x000000000b550000)]
  0x0000000007ba6000 JavaThread "Stdin handler" [_thread_blocked, id=9088, stack(0x0000000009210000,0x0000000009310000)]
  0x0000000007b6b800 JavaThread "Daemon worker" [_thread_in_Java, id=9776, stack(0x0000000009370000,0x0000000009470000)]
  0x0000000007b6b000 JavaThread "Cancel handler" [_thread_blocked, id=4428, stack(0x0000000009110000,0x0000000009210000)]
  0x0000000007b6a000 JavaThread "Handler for socket connection from /127.0.0.1:59529 to /127.0.0.1:59530" [_thread_in_native, id=13144, stack(0x0000000008fc0000,0x00000000090c0000)]
  0x0000000007b66000 JavaThread "Daemon" [_thread_blocked, id=21204, stack(0x0000000008b30000,0x0000000008c30000)]
  0x0000000007b38800 JavaThread "Incoming local TCP Connector on port 59529" [_thread_in_native, id=5700, stack(0x0000000008d60000,0x0000000008e60000)]
  0x0000000005c65800 JavaThread "Service Thread" daemon [_thread_blocked, id=29560, stack(0x0000000006bc0000,0x0000000006cc0000)]
=>0x0000000005c63000 JavaThread "C2 CompilerThread1" daemon [_thread_in_native, id=26932, stack(0x00000000069d0000,0x0000000006ad0000)]
  0x0000000005c53800 JavaThread "C2 CompilerThread0" daemon [_thread_blocked, id=8800, stack(0x0000000006820000,0x0000000006920000)]
  0x0000000005c52000 JavaThread "Attach Listener" daemon [_thread_blocked, id=19084, stack(0x00000000063a0000,0x00000000064a0000)]
  0x0000000005c50800 JavaThread "Signal Dispatcher" daemon [_thread_blocked, id=13436, stack(0x00000000066b0000,0x00000000067b0000)]
  0x0000000005bc8800 JavaThread "Finalizer" daemon [_thread_blocked, id=8612, stack(0x0000000006550000,0x0000000006650000)]
  0x0000000005bbf800 JavaThread "Reference Handler" daemon [_thread_blocked, id=29292, stack(0x0000000006290000,0x0000000006390000)]
  0x000000000227d000 JavaThread "main" [_thread_blocked, id=19112, stack(0x0000000002570000,0x0000000002670000)]

Other Threads:
  0x0000000005bb7800 VMThread [stack: 0x0000000006100000,0x0000000006200000] [id=11052]
  0x0000000005c74000 WatcherThread [stack: 0x0000000006dd0000,0x0000000006ed0000] [id=27708]

VM state:not at safepoint (normal execution)

VM Mutex/Monitor currently owned by a thread: None

Heap
 PSYoungGen      total 76032K, used 54680K [0x00000000eaab0000, 0x00000000f40d0000, 0x0000000100000000)
  eden space 65280K, 68% used [0x00000000eaab0000,0x00000000ed61ca38,0x00000000eea70000)
  from space 10752K, 94% used [0x00000000eea70000,0x00000000ef469960,0x00000000ef4f0000)
  to   space 11584K, 0% used [0x00000000f3580000,0x00000000f3580000,0x00000000f40d0000)
 PSOldGen        total 87040K, used 13230K [0x00000000c0000000, 0x00000000c5500000, 0x00000000eaab0000)
  object space 87040K, 15% used [0x00000000c0000000,0x00000000c0ceb988,0x00000000c5500000)
 PSPermGen       total 32576K, used 32461K [0x00000000b0000000, 0x00000000b1fd0000, 0x00000000c0000000)
  object space 32576K, 99% used [0x00000000b0000000,0x00000000b1fb3798,0x00000000b1fd0000)

Code Cache  [0x0000000002670000, 0x0000000002950000, 0x0000000005670000)
 total_blobs=1047 nmethods=463 adapters=536 free_code_cache=46436Kb largest_free_block=47347392

Dynamic libraries:
0x000000013f140000 - 0x000000013f173000 	C:\Program Files\Java\jdk1.7.0_03\bin\java.exe
0x0000000077790000 - 0x0000000077939000 	C:\Windows\SYSTEM32\ntdll.dll
0x0000000077670000 - 0x000000007778f000 	C:\Windows\system32\kernel32.dll
0x000007fefd680000 - 0x000007fefd6ec000 	C:\Windows\system32\KERNELBASE.dll
0x000007fefeeb0000 - 0x000007fefef8b000 	C:\Windows\system32\ADVAPI32.dll
0x000007feff4d0000 - 0x000007feff56f000 	C:\Windows\system32\msvcrt.dll
0x000007fefe900000 - 0x000007fefe91f000 	C:\Windows\SYSTEM32\sechost.dll
0x000007feff5a0000 - 0x000007feff6cd000 	C:\Windows\system32\RPCRT4.dll
0x0000000077570000 - 0x000000007766a000 	C:\Windows\system32\USER32.dll
0x000007feff750000 - 0x000007feff7b7000 	C:\Windows\system32\GDI32.dll
0x000007fefef90000 - 0x000007fefef9e000 	C:\Windows\system32\LPK.dll
0x000007fefe9a0000 - 0x000007fefea69000 	C:\Windows\system32\USP10.dll
0x000007fefbb90000 - 0x000007fefbd84000 	C:\Windows\WinSxS\amd64_microsoft.windows.common-controls_6595b64144ccf1df_6.0.7601.18837_none_fa3b1e3d17594757\COMCTL32.dll
0x000007fefe920000 - 0x000007fefe991000 	C:\Windows\system32\SHLWAPI.dll
0x000007feff7c0000 - 0x000007feff7ee000 	C:\Windows\system32\IMM32.DLL
0x000007fefebc0000 - 0x000007fefecc9000 	C:\Windows\system32\MSCTF.dll
0x00000000795b0000 - 0x0000000079681000 	C:\Program Files\Java\jdk1.7.0_03\jre\bin\msvcr100.dll
0x0000000050480000 - 0x0000000050b5a000 	C:\Program Files\Java\jdk1.7.0_03\jre\bin\server\jvm.dll
0x000007fef8de0000 - 0x000007fef8de9000 	C:\Windows\system32\WSOCK32.dll
0x000007fefea70000 - 0x000007fefeabd000 	C:\Windows\system32\WS2_32.dll
0x000007feff590000 - 0x000007feff598000 	C:\Windows\system32\NSI.dll
0x000007fefb630000 - 0x000007fefb66b000 	C:\Windows\system32\WINMM.dll
0x0000000077950000 - 0x0000000077957000 	C:\Windows\system32\PSAPI.DLL
0x00000000740f0000 - 0x00000000740ff000 	C:\Program Files\Java\jdk1.7.0_03\jre\bin\verify.dll
0x000000006c5c0000 - 0x000000006c5e8000 	C:\Program Files\Java\jdk1.7.0_03\jre\bin\java.dll
0x000000006c730000 - 0x000000006c745000 	C:\Program Files\Java\jdk1.7.0_03\jre\bin\zip.dll
0x000000006c6e0000 - 0x000000006c6f9000 	C:\Program Files\Java\jdk1.7.0_03\jre\bin\net.dll
0x000007fefcce0000 - 0x000007fefcd35000 	C:\Windows\system32\mswsock.dll
0x000007fefcca0000 - 0x000007fefcca7000 	C:\Windows\System32\wship6.dll
0x000000006c000000 - 0x000000006c011000 	C:\Program Files\Java\jdk1.7.0_03\jre\bin\nio.dll
0x000007fee9cb0000 - 0x000007fee9cc2000 	C:\Users\Басков\.gradle\native\19\windows-amd64\native-platform.dll
0x000007fefb220000 - 0x000007fefb247000 	C:\Windows\system32\IPHLPAPI.DLL
0x000007fefb1a0000 - 0x000007fefb1ab000 	C:\Windows\system32\WINNSI.DLL
0x000007fefb0b0000 - 0x000007fefb0c8000 	C:\Windows\system32\dhcpcsvc.DLL
0x000007fefad50000 - 0x000007fefad61000 	C:\Windows\system32\dhcpcsvc6.DLL
0x000007fefcf30000 - 0x000007fefcf48000 	C:\Windows\system32\CRYPTSP.dll
0x000007fefca40000 - 0x000007fefca87000 	C:\Windows\system32\rsaenh.dll
0x000007fefd700000 - 0x000007fefd71e000 	C:\Windows\system32\USERENV.dll
0x000007fefd550000 - 0x000007fefd55f000 	C:\Windows\system32\profapi.dll
0x000007fefd3a0000 - 0x000007fefd3af000 	C:\Windows\system32\CRYPTBASE.dll
0x0000000155600000 - 0x0000000155658000 	C:\Program Files (x86)\Microsoft Firewall Client 2004\FwcWsp64.dll
0x000007fefda90000 - 0x000007fefdb67000 	C:\Windows\system32\OLEAUT32.dll
0x000007feff890000 - 0x000007feffa93000 	C:\Windows\system32\ole32.dll
0x000007fefba40000 - 0x000007fefba55000 	C:\Windows\system32\NLAapi.dll
0x000007fee3ed0000 - 0x000007fee3ee5000 	C:\Windows\system32\napinsp.dll
0x000007fee3ea0000 - 0x000007fee3eb9000 	C:\Windows\system32\pnrpnsp.dll
0x000007fee9d00000 - 0x000007fee9d2e000 	C:\Program Files\Common Files\Microsoft Shared\Windows Live\WLIDNSP.DLL
0x000007fefcb30000 - 0x000007fefcb8b000 	C:\Windows\system32\DNSAPI.dll
0x000007fee3e90000 - 0x000007fee3e9b000 	C:\Windows\System32\winrnr.dll
0x000007fee3e80000 - 0x000007fee3e90000 	C:\Windows\system32\wshbth.dll
0x0000000071790000 - 0x00000000717b6000 	C:\Program Files\Bonjour\mdnsNSP.dll
0x000007fefc6a0000 - 0x000007fefc6a7000 	C:\Windows\System32\wshtcpip.dll
0x000007fee9cf0000 - 0x000007fee9cf8000 	C:\Windows\system32\rasadhlp.dll
0x000007fefac80000 - 0x000007fefacd3000 	C:\Windows\System32\fwpuclnt.dll
0x000007fefd340000 - 0x000007fefd397000 	C:\Windows\system32\apphelp.dll
0x000000006fe80000 - 0x000000006fe8b000 	C:\Program Files\Java\jdk1.7.0_03\jre\bin\management.dll

VM Arguments:
jvm_args: -XX:MaxPermSize=256m -XX:+HeapDumpOnOutOfMemoryError -Xmx1024m -Dfile.encoding=windows-1251 -Duser.country=RU -Duser.language=ru -Duser.variant 
java_command: org.gradle.launcher.daemon.bootstrap.GradleDaemon 2.8
Launcher Type: SUN_STANDARD

Environment Variables:
CLASSPATH=.;C:\Program Files (x86)\Java\jre7\lib\ext\QTJava.zip
PATH=C:\Program Files (x86)\Python35-32\Scripts\;C:\Program Files (x86)\Python35-32\;C:\Python27\;C:\Python27\Scripts;C:\ProgramData\Oracle\Java\javapath;C:\Program Files\Common Files\Microsoft Shared\Windows Live;C:\Program Files (x86)\Common Files\Microsoft Shared\Windows Live;C:\Windows\system32;C:\Windows;C:\Windows\System32\Wbem;C:\Windows\System32\WindowsPowerShell\v1.0\;c:\Program Files (x86)\Microsoft SQL Server\100\Tools\Binn\;c:\Program Files\Microsoft SQL Server\100\Tools\Binn\;c:\Program Files\Microsoft SQL Server\100\DTS\Binn\;C:\Program Files (x86)\Microsoft SQL Server\100\Tools\Binn\VSShell\Common7\IDE\;C:\Program Files (x86)\Microsoft Visual Studio 9.0\Common7\IDE\PrivateAssemblies\;C:\Program Files (x86)\Microsoft SQL Server\100\DTS\Binn\;C:\Program Files\TortoiseSVN\bin;C:\Program Files (x86)\Windows Live\Shared;C:\Program Files (x86)\Borland\Delphi7\Bin;C:\Program Files (x86)\Borland\Delphi7\Projects\Bpl;C:\Program Files (x86)\Microsoft ASP.NET\ASP.NET Web Pages\v1.0\;C:\Program Files\Microsoft SQL Server\110\Tools\Binn\;C:\Program Files (x86)\GtkSharp\2.12\bin;C:\Program Files\Mercurial\;C:\Program Files (x86)\QuickTime\QTSystem\;C:\Program Files\Calibre2\;C:\Program Files (x86)\Windows Kits\8.0\Windows Performance Toolkit\;C:\Program Files\Microsoft\Web Platform Installer\;C:\Program Files (x86)\Common Files\Acronis\SnapAPI\;C:\Program Files (x86)\GitExtensions\;C:\Program Files\Microsoft SQL Server\120\DTS\Binn\;C:\Program Files\Microsoft SQL Server\Client SDK\ODBC\110\Tools\Binn\;C:\Program Files (x86)\Microsoft SQL Server\120\Tools\Binn\;C:\Program Files\Microsoft SQL Server\120\Tools\Binn\;C:\Program Files (x86)\Microsoft SQL Server\120\DTS\Binn\;C:\Program Files\TortoiseGit\bin;C:\Program Files\TortoiseHg\;C:\Program Files (x86)\Skype\Phone\;C:\Users\Басков\AppData\Roaming\Python\Scripts;C:\Program Files (x86)\Sikuli X\libs;C:\Program Files (x86)\Java\jre6\\bin
USERNAME=Басков
OS=Windows_NT
PROCESSOR_IDENTIFIER=Intel64 Family 6 Model 23 Stepping 10, GenuineIntel



---------------  S Y S T E M  ---------------

OS: Windows 7 , 64 bit Build 7601 Service Pack 1

CPU:total 2 (2 cores per cpu, 1 threads per core) family 6 model 23 stepping 10, cmov, cx8, fxsr, mmx, sse, sse2, sse3, ssse3

Memory: 4k page, physical 8352948k(781248k free), swap 9485544k(5280k free)

vm_info: Java HotSpot(TM) 64-Bit Server VM (22.1-b02) for windows-amd64 JRE (1.7.0_03-b05), built on Feb  3 2012 20:43:56 by "java_re" with unknown MS VC++:1600

time: Thu Mar 10 06:25:19 2016
elapsed time: 23 seconds

