#
# There is insufficient memory for the Java Runtime Environment to continue.
# Native memory allocation (malloc) failed to allocate 237424 bytes for Chunk::new
# Possible reasons:
#   The system is out of physical RAM or swap space
#   In 32 bit mode, the process size limit was hit
# Possible solutions:
#   Reduce memory load on the system
#   Increase physical memory or swap space
#   Check if swap backing store is full
#   Use 64 bit Java on a 64 bit OS
#   Decrease Java heap size (-Xmx/-Xms)
#   Decrease number of Java threads
#   Decrease Java thread stack sizes (-Xss)
#   Set larger code cache with -XX:ReservedCodeCacheSize=
# This output file may be truncated or incomplete.
#
#  Out of Memory Error (allocation.cpp:325), pid=23224, tid=11288
#
# JRE version: 7.0_03-b05
# Java VM: Java HotSpot(TM) 64-Bit Server VM (22.1-b02 mixed mode windows-amd64 compressed oops)
# Failed to write core dump. Minidumps are not enabled by default on client versions of Windows
#

---------------  T H R E A D  ---------------

Current thread (0x0000000005d53800):  JavaThread "C2 CompilerThread0" daemon [_thread_in_native, id=11288, stack(0x0000000006b00000,0x0000000006c00000)]

Stack: [0x0000000006b00000,0x0000000006c00000]

Current CompileTask:
C2:  32255  678             java.util.regex.Pattern::compile (406 bytes)


---------------  P R O C E S S  ---------------

Java Threads: ( => current thread )
  0x000000000a69a800 JavaThread "File lock request listener" [_thread_in_native, id=10356, stack(0x000000000b600000,0x000000000b700000)]
  0x0000000007ccb800 JavaThread "Stdin handler" [_thread_blocked, id=9844, stack(0x00000000094f0000,0x00000000095f0000)]
  0x0000000007c93000 JavaThread "Daemon worker" [_thread_in_native, id=7284, stack(0x00000000092e0000,0x00000000093e0000)]
  0x0000000007c92000 JavaThread "Cancel handler" [_thread_blocked, id=17080, stack(0x00000000091a0000,0x00000000092a0000)]
  0x0000000007c8f000 JavaThread "Handler for socket connection from /127.0.0.1:23862 to /127.0.0.1:23865" [_thread_in_native, id=23604, stack(0x0000000008f90000,0x0000000009090000)]
  0x0000000007c88800 JavaThread "Daemon" [_thread_blocked, id=21268, stack(0x0000000008cf0000,0x0000000008df0000)]
  0x0000000007c51000 JavaThread "Incoming local TCP Connector on port 23862" [_thread_in_native, id=26672, stack(0x0000000008e20000,0x0000000008f20000)]
  0x0000000005d69000 JavaThread "Service Thread" daemon [_thread_blocked, id=21956, stack(0x00000000065f0000,0x00000000066f0000)]
  0x0000000005d66000 JavaThread "C2 CompilerThread1" daemon [_thread_blocked, id=28276, stack(0x0000000006cc0000,0x0000000006dc0000)]
=>0x0000000005d53800 JavaThread "C2 CompilerThread0" daemon [_thread_in_native, id=11288, stack(0x0000000006b00000,0x0000000006c00000)]
  0x0000000005d52000 JavaThread "Attach Listener" daemon [_thread_blocked, id=25048, stack(0x0000000006960000,0x0000000006a60000)]
  0x0000000005d50800 JavaThread "Signal Dispatcher" daemon [_thread_blocked, id=7956, stack(0x00000000067d0000,0x00000000068d0000)]
  0x0000000005cc3000 JavaThread "Finalizer" daemon [_thread_blocked, id=26088, stack(0x00000000061e0000,0x00000000062e0000)]
  0x0000000005cbf800 JavaThread "Reference Handler" daemon [_thread_blocked, id=7240, stack(0x00000000064e0000,0x00000000065e0000)]
  0x000000000016d000 JavaThread "main" [_thread_blocked, id=18296, stack(0x0000000002520000,0x0000000002620000)]

Other Threads:
  0x0000000005cb7800 VMThread [stack: 0x0000000006310000,0x0000000006410000] [id=10300]
  0x0000000005d74000 WatcherThread [stack: 0x0000000006eb0000,0x0000000006fb0000] [id=16028]

VM state:not at safepoint (normal execution)

VM Mutex/Monitor currently owned by a thread: None

Heap
 PSYoungGen      total 129280K, used 14964K [0x00000000eaab0000, 0x00000000fdab0000, 0x0000000100000000)
  eden space 116608K, 1% used [0x00000000eaab0000,0x00000000eacef500,0x00000000f1c90000)
  from space 12672K, 99% used [0x00000000f3690000,0x00000000f42edea0,0x00000000f42f0000)
  to   space 26624K, 0% used [0x00000000f1c90000,0x00000000f1c90000,0x00000000f3690000)
 PSOldGen        total 87040K, used 36987K [0x00000000c0000000, 0x00000000c5500000, 0x00000000eaab0000)
  object space 87040K, 42% used [0x00000000c0000000,0x00000000c241ee78,0x00000000c5500000)
 PSPermGen       total 39488K, used 39369K [0x00000000b0000000, 0x00000000b2690000, 0x00000000c0000000)
  object space 39488K, 99% used [0x00000000b0000000,0x00000000b26725a0,0x00000000b2690000)

Code Cache  [0x0000000002620000, 0x00000000029d0000, 0x0000000005620000)
 total_blobs=1235 nmethods=630 adapters=557 free_code_cache=45733Kb largest_free_block=46520128

Dynamic libraries:
0x000000013f4c0000 - 0x000000013f4f3000 	C:\Program Files\Java\jdk1.7.0_03\bin\java.exe
0x0000000077790000 - 0x0000000077939000 	C:\Windows\SYSTEM32\ntdll.dll
0x0000000077670000 - 0x000000007778f000 	C:\Windows\system32\kernel32.dll
0x000007fefd680000 - 0x000007fefd6ec000 	C:\Windows\system32\KERNELBASE.dll
0x000007fefeeb0000 - 0x000007fefef8b000 	C:\Windows\system32\ADVAPI32.dll
0x000007feff4d0000 - 0x000007feff56f000 	C:\Windows\system32\msvcrt.dll
0x000007fefe900000 - 0x000007fefe91f000 	C:\Windows\SYSTEM32\sechost.dll
0x000007feff5a0000 - 0x000007feff6cd000 	C:\Windows\system32\RPCRT4.dll
0x0000000077570000 - 0x000000007766a000 	C:\Windows\system32\USER32.dll
0x000007feff750000 - 0x000007feff7b7000 	C:\Windows\system32\GDI32.dll
0x000007fefef90000 - 0x000007fefef9e000 	C:\Windows\system32\LPK.dll
0x000007fefe9a0000 - 0x000007fefea69000 	C:\Windows\system32\USP10.dll
0x000007fefbb90000 - 0x000007fefbd84000 	C:\Windows\WinSxS\amd64_microsoft.windows.common-controls_6595b64144ccf1df_6.0.7601.18837_none_fa3b1e3d17594757\COMCTL32.dll
0x000007fefe920000 - 0x000007fefe991000 	C:\Windows\system32\SHLWAPI.dll
0x000007feff7c0000 - 0x000007feff7ee000 	C:\Windows\system32\IMM32.DLL
0x000007fefebc0000 - 0x000007fefecc9000 	C:\Windows\system32\MSCTF.dll
0x000000006bb50000 - 0x000000006bc21000 	C:\Program Files\Java\jdk1.7.0_03\jre\bin\msvcr100.dll
0x0000000052910000 - 0x0000000052fea000 	C:\Program Files\Java\jdk1.7.0_03\jre\bin\server\jvm.dll
0x000007fef8de0000 - 0x000007fef8de9000 	C:\Windows\system32\WSOCK32.dll
0x000007fefea70000 - 0x000007fefeabd000 	C:\Windows\system32\WS2_32.dll
0x000007feff590000 - 0x000007feff598000 	C:\Windows\system32\NSI.dll
0x000007fefb630000 - 0x000007fefb66b000 	C:\Windows\system32\WINMM.dll
0x0000000077950000 - 0x0000000077957000 	C:\Windows\system32\PSAPI.DLL
0x0000000055720000 - 0x000000005572f000 	C:\Program Files\Java\jdk1.7.0_03\jre\bin\verify.dll
0x00000000536a0000 - 0x00000000536c8000 	C:\Program Files\Java\jdk1.7.0_03\jre\bin\java.dll
0x0000000053680000 - 0x0000000053695000 	C:\Program Files\Java\jdk1.7.0_03\jre\bin\zip.dll
0x0000000053640000 - 0x0000000053659000 	C:\Program Files\Java\jdk1.7.0_03\jre\bin\net.dll
0x000007fefcce0000 - 0x000007fefcd35000 	C:\Windows\system32\mswsock.dll
0x000007fefcca0000 - 0x000007fefcca7000 	C:\Windows\System32\wship6.dll
0x0000000053660000 - 0x0000000053671000 	C:\Program Files\Java\jdk1.7.0_03\jre\bin\nio.dll
0x000007fef9ac0000 - 0x000007fef9ad2000 	C:\Users\Басков\.gradle\native\19\windows-amd64\native-platform.dll
0x000007fefb220000 - 0x000007fefb247000 	C:\Windows\system32\IPHLPAPI.DLL
0x000007fefb1a0000 - 0x000007fefb1ab000 	C:\Windows\system32\WINNSI.DLL
0x000007fefb0b0000 - 0x000007fefb0c8000 	C:\Windows\system32\dhcpcsvc.DLL
0x000007fefad50000 - 0x000007fefad61000 	C:\Windows\system32\dhcpcsvc6.DLL
0x000007fefcf30000 - 0x000007fefcf48000 	C:\Windows\system32\CRYPTSP.dll
0x000007fefca40000 - 0x000007fefca87000 	C:\Windows\system32\rsaenh.dll
0x000007fefd700000 - 0x000007fefd71e000 	C:\Windows\system32\USERENV.dll
0x000007fefd550000 - 0x000007fefd55f000 	C:\Windows\system32\profapi.dll
0x000007fefd3a0000 - 0x000007fefd3af000 	C:\Windows\system32\CRYPTBASE.dll
0x0000000155600000 - 0x0000000155658000 	C:\Program Files (x86)\Microsoft Firewall Client 2004\FwcWsp64.dll
0x000007fefda90000 - 0x000007fefdb67000 	C:\Windows\system32\OLEAUT32.dll
0x000007feff890000 - 0x000007feffa93000 	C:\Windows\system32\ole32.dll
0x000007fefba40000 - 0x000007fefba55000 	C:\Windows\system32\NLAapi.dll
0x000007fee3ed0000 - 0x000007fee3ee5000 	C:\Windows\system32\napinsp.dll
0x000007fee3ea0000 - 0x000007fee3eb9000 	C:\Windows\system32\pnrpnsp.dll
0x000007fee9d00000 - 0x000007fee9d2e000 	C:\Program Files\Common Files\Microsoft Shared\Windows Live\WLIDNSP.DLL
0x000007fefcb30000 - 0x000007fefcb8b000 	C:\Windows\system32\DNSAPI.dll
0x000007fee3e90000 - 0x000007fee3e9b000 	C:\Windows\System32\winrnr.dll
0x000007fee3e80000 - 0x000007fee3e90000 	C:\Windows\system32\wshbth.dll
0x0000000071790000 - 0x00000000717b6000 	C:\Program Files\Bonjour\mdnsNSP.dll
0x000007fefc6a0000 - 0x000007fefc6a7000 	C:\Windows\System32\wshtcpip.dll
0x000007fee9cf0000 - 0x000007fee9cf8000 	C:\Windows\system32\rasadhlp.dll
0x000007fefac80000 - 0x000007fefacd3000 	C:\Windows\System32\fwpuclnt.dll
0x000007fefd340000 - 0x000007fefd397000 	C:\Windows\system32\apphelp.dll
0x0000000063c40000 - 0x0000000063c4b000 	C:\Program Files\Java\jdk1.7.0_03\jre\bin\management.dll

VM Arguments:
jvm_args: -XX:MaxPermSize=256m -XX:+HeapDumpOnOutOfMemoryError -Xmx1024m -Dfile.encoding=windows-1251 -Duser.country=RU -Duser.language=ru -Duser.variant 
java_command: org.gradle.launcher.daemon.bootstrap.GradleDaemon 2.8
Launcher Type: SUN_STANDARD

Environment Variables:
CLASSPATH=.;C:\Program Files (x86)\Java\jre7\lib\ext\QTJava.zip
PATH=C:\Program Files (x86)\Python35-32\Scripts\;C:\Program Files (x86)\Python35-32\;C:\Python27\;C:\Python27\Scripts;C:\ProgramData\Oracle\Java\javapath;C:\Program Files\Common Files\Microsoft Shared\Windows Live;C:\Program Files (x86)\Common Files\Microsoft Shared\Windows Live;C:\Windows\system32;C:\Windows;C:\Windows\System32\Wbem;C:\Windows\System32\WindowsPowerShell\v1.0\;c:\Program Files (x86)\Microsoft SQL Server\100\Tools\Binn\;c:\Program Files\Microsoft SQL Server\100\Tools\Binn\;c:\Program Files\Microsoft SQL Server\100\DTS\Binn\;C:\Program Files (x86)\Microsoft SQL Server\100\Tools\Binn\VSShell\Common7\IDE\;C:\Program Files (x86)\Microsoft Visual Studio 9.0\Common7\IDE\PrivateAssemblies\;C:\Program Files (x86)\Microsoft SQL Server\100\DTS\Binn\;C:\Program Files\TortoiseSVN\bin;C:\Program Files (x86)\Windows Live\Shared;C:\Program Files (x86)\Borland\Delphi7\Bin;C:\Program Files (x86)\Borland\Delphi7\Projects\Bpl;C:\Program Files (x86)\Microsoft ASP.NET\ASP.NET Web Pages\v1.0\;C:\Program Files\Microsoft SQL Server\110\Tools\Binn\;C:\Program Files (x86)\GtkSharp\2.12\bin;C:\Program Files\Mercurial\;C:\Program Files (x86)\QuickTime\QTSystem\;C:\Program Files\Calibre2\;C:\Program Files (x86)\Windows Kits\8.0\Windows Performance Toolkit\;C:\Program Files\Microsoft\Web Platform Installer\;C:\Program Files (x86)\Common Files\Acronis\SnapAPI\;C:\Program Files (x86)\GitExtensions\;C:\Program Files\Microsoft SQL Server\120\DTS\Binn\;C:\Program Files\Microsoft SQL Server\Client SDK\ODBC\110\Tools\Binn\;C:\Program Files (x86)\Microsoft SQL Server\120\Tools\Binn\;C:\Program Files\Microsoft SQL Server\120\Tools\Binn\;C:\Program Files (x86)\Microsoft SQL Server\120\DTS\Binn\;C:\Program Files\TortoiseGit\bin;C:\Program Files\TortoiseHg\;C:\Program Files (x86)\Skype\Phone\;C:\Users\Басков\AppData\Roaming\Python\Scripts;C:\Program Files (x86)\Sikuli X\libs;C:\Program Files (x86)\Java\jre6\\bin
USERNAME=Басков
OS=Windows_NT
PROCESSOR_IDENTIFIER=Intel64 Family 6 Model 23 Stepping 10, GenuineIntel



---------------  S Y S T E M  ---------------

OS: Windows 7 , 64 bit Build 7601 Service Pack 1

CPU:total 2 (2 cores per cpu, 1 threads per core) family 6 model 23 stepping 10, cmov, cx8, fxsr, mmx, sse, sse2, sse3, ssse3

Memory: 4k page, physical 8352948k(1164200k free), swap 9485544k(5200k free)

vm_info: Java HotSpot(TM) 64-Bit Server VM (22.1-b02) for windows-amd64 JRE (1.7.0_03-b05), built on Feb  3 2012 20:43:56 by "java_re" with unknown MS VC++:1600

time: Mon Feb 29 23:49:21 2016
elapsed time: 32 seconds

